{"date":"Tue May 02 2023 04:03:49 GMT+0300 (East Africa Time)","error":{},"exception":true,"level":"error","message":"uncaughtException: Something is wrong\nError: Something is wrong\n    at Object.<anonymous> (E:\\Desktop\\node\\vidly\\index.js:48:26)\n    at Module._compile (internal/modules/cjs/loader.js:1072:14)\n    at Object.Module._extensions..js (internal/modules/cjs/loader.js:1101:10)\n    at Module.load (internal/modules/cjs/loader.js:937:32)\n    at Function.Module._load (internal/modules/cjs/loader.js:778:12)\n    at Function.executeUserEntryPoint [as runMain] (internal/modules/run_main.js:76:12)\n    at internal/main/run_main_module.js:17:47","os":{"loadavg":[0,0,0],"uptime":827409},"process":{"argv":["C:\\Program Files\\nodejs\\node.exe","E:\\Desktop\\node\\vidly\\index.js"],"cwd":"E:\\Desktop\\node\\vidly","execPath":"C:\\Program Files\\nodejs\\node.exe","gid":null,"memoryUsage":{"arrayBuffers":36493773,"external":38153616,"heapTotal":56201216,"heapUsed":28604544,"rss":66584576},"pid":28880,"uid":null,"version":"v14.17.6"},"stack":"Error: Something is wrong\n    at Object.<anonymous> (E:\\Desktop\\node\\vidly\\index.js:48:26)\n    at Module._compile (internal/modules/cjs/loader.js:1072:14)\n    at Object.Module._extensions..js (internal/modules/cjs/loader.js:1101:10)\n    at Module.load (internal/modules/cjs/loader.js:937:32)\n    at Function.Module._load (internal/modules/cjs/loader.js:778:12)\n    at Function.executeUserEntryPoint [as runMain] (internal/modules/run_main.js:76:12)\n    at internal/main/run_main_module.js:17:47","trace":[{"column":26,"file":"E:\\Desktop\\node\\vidly\\index.js","function":null,"line":48,"method":null,"native":false},{"column":14,"file":"internal/modules/cjs/loader.js","function":"Module._compile","line":1072,"method":"_compile","native":false},{"column":10,"file":"internal/modules/cjs/loader.js","function":"Module._extensions..js","line":1101,"method":".js","native":false},{"column":32,"file":"internal/modules/cjs/loader.js","function":"Module.load","line":937,"method":"load","native":false},{"column":12,"file":"internal/modules/cjs/loader.js","function":"Module._load","line":778,"method":"_load","native":false},{"column":12,"file":"internal/modules/run_main.js","function":"Function.executeUserEntryPoint [as runMain]","line":76,"method":"executeUserEntryPoint [as runMain]","native":false},{"column":47,"file":"internal/main/run_main_module.js","function":null,"line":17,"method":null,"native":false}]}
{"date":"Tue May 02 2023 04:03:51 GMT+0300 (East Africa Time)","error":{},"exception":true,"level":"error","message":"uncaughtException: Something is wrong\nError: Something is wrong\n    at Object.<anonymous> (E:\\Desktop\\node\\vidly\\index.js:48:26)\n    at Module._compile (internal/modules/cjs/loader.js:1072:14)\n    at Object.Module._extensions..js (internal/modules/cjs/loader.js:1101:10)\n    at Module.load (internal/modules/cjs/loader.js:937:32)\n    at Function.Module._load (internal/modules/cjs/loader.js:778:12)\n    at Function.executeUserEntryPoint [as runMain] (internal/modules/run_main.js:76:12)\n    at internal/main/run_main_module.js:17:47","os":{"loadavg":[0,0,0],"uptime":827411},"process":{"argv":["C:\\Program Files\\nodejs\\node.exe","E:\\Desktop\\node\\vidly\\index.js"],"cwd":"E:\\Desktop\\node\\vidly","execPath":"C:\\Program Files\\nodejs\\node.exe","gid":null,"memoryUsage":{"arrayBuffers":36493773,"external":38153616,"heapTotal":55676928,"heapUsed":28699848,"rss":66011136},"pid":13292,"uid":null,"version":"v14.17.6"},"stack":"Error: Something is wrong\n    at Object.<anonymous> (E:\\Desktop\\node\\vidly\\index.js:48:26)\n    at Module._compile (internal/modules/cjs/loader.js:1072:14)\n    at Object.Module._extensions..js (internal/modules/cjs/loader.js:1101:10)\n    at Module.load (internal/modules/cjs/loader.js:937:32)\n    at Function.Module._load (internal/modules/cjs/loader.js:778:12)\n    at Function.executeUserEntryPoint [as runMain] (internal/modules/run_main.js:76:12)\n    at internal/main/run_main_module.js:17:47","trace":[{"column":26,"file":"E:\\Desktop\\node\\vidly\\index.js","function":null,"line":48,"method":null,"native":false},{"column":14,"file":"internal/modules/cjs/loader.js","function":"Module._compile","line":1072,"method":"_compile","native":false},{"column":10,"file":"internal/modules/cjs/loader.js","function":"Module._extensions..js","line":1101,"method":".js","native":false},{"column":32,"file":"internal/modules/cjs/loader.js","function":"Module.load","line":937,"method":"load","native":false},{"column":12,"file":"internal/modules/cjs/loader.js","function":"Module._load","line":778,"method":"_load","native":false},{"column":12,"file":"internal/modules/run_main.js","function":"Function.executeUserEntryPoint [as runMain]","line":76,"method":"executeUserEntryPoint [as runMain]","native":false},{"column":47,"file":"internal/main/run_main_module.js","function":null,"line":17,"method":null,"native":false}]}
{"level":"error","message":"Could not find genres Could not find genres","stack":"Error: Could not find genres\n    at E:\\Desktop\\node\\vidly\\routes\\genres.js:14:9\n    at newFn (E:\\Desktop\\node\\vidly\\node_modules\\express-async-errors\\index.js:16:20)\n    at Layer.handle [as handle_request] (E:\\Desktop\\node\\vidly\\node_modules\\express\\lib\\router\\layer.js:95:5)\n    at next (E:\\Desktop\\node\\vidly\\node_modules\\express\\lib\\router\\route.js:144:13)\n    at Route.dispatch (E:\\Desktop\\node\\vidly\\node_modules\\express\\lib\\router\\route.js:114:3)\n    at newFn (E:\\Desktop\\node\\vidly\\node_modules\\express-async-errors\\index.js:16:20)\n    at Layer.handle [as handle_request] (E:\\Desktop\\node\\vidly\\node_modules\\express\\lib\\router\\layer.js:95:5)\n    at E:\\Desktop\\node\\vidly\\node_modules\\express\\lib\\router\\index.js:284:15\n    at Function.process_params (E:\\Desktop\\node\\vidly\\node_modules\\express\\lib\\router\\index.js:346:12)\n    at next (E:\\Desktop\\node\\vidly\\node_modules\\express\\lib\\router\\index.js:280:10)\n    at Function.handle (E:\\Desktop\\node\\vidly\\node_modules\\express\\lib\\router\\index.js:175:3)\n    at router (E:\\Desktop\\node\\vidly\\node_modules\\express\\lib\\router\\index.js:47:12)\n    at newFn (E:\\Desktop\\node\\vidly\\node_modules\\express-async-errors\\index.js:16:20)\n    at Layer.handle [as handle_request] (E:\\Desktop\\node\\vidly\\node_modules\\express\\lib\\router\\layer.js:95:5)\n    at trim_prefix (E:\\Desktop\\node\\vidly\\node_modules\\express\\lib\\router\\index.js:328:13)\n    at E:\\Desktop\\node\\vidly\\node_modules\\express\\lib\\router\\index.js:286:9"}
{"level":"info","message":"Connecting to mongo DB"}
{"level":"info","message":"Connecting to mongo DB"}
{"date":"Tue May 02 2023 15:55:53 GMT+0300 (East Africa Time)","error":{},"exception":true,"level":"error","message":"uncaughtException: winston is not a function\nTypeError: winston is not a function\n    at Server.<anonymous> (E:\\Desktop\\node\\vidly\\index.js:19:3)\n    at Object.onceWrapper (events.js:519:28)\n    at Server.emit (events.js:400:28)\n    at emitListeningNT (net.js:1354:10)\n    at processTicksAndRejections (internal/process/task_queues.js:81:21)","os":{"loadavg":[0,0,0],"uptime":870133},"process":{"argv":["C:\\Program Files\\nodejs\\node.exe","E:\\Desktop\\node\\vidly\\index.js"],"cwd":"E:\\Desktop\\node\\vidly","execPath":"C:\\Program Files\\nodejs\\node.exe","gid":null,"memoryUsage":{"arrayBuffers":37391200,"external":39051043,"heapTotal":54366208,"heapUsed":31281928,"rss":69537792},"pid":18188,"uid":null,"version":"v14.17.6"},"stack":"TypeError: winston is not a function\n    at Server.<anonymous> (E:\\Desktop\\node\\vidly\\index.js:19:3)\n    at Object.onceWrapper (events.js:519:28)\n    at Server.emit (events.js:400:28)\n    at emitListeningNT (net.js:1354:10)\n    at processTicksAndRejections (internal/process/task_queues.js:81:21)","trace":[{"column":3,"file":"E:\\Desktop\\node\\vidly\\index.js","function":null,"line":19,"method":null,"native":false},{"column":28,"file":"events.js","function":"Object.onceWrapper","line":519,"method":"onceWrapper","native":false},{"column":28,"file":"events.js","function":"Server.emit","line":400,"method":"emit","native":false},{"column":10,"file":"net.js","function":"emitListeningNT","line":1354,"method":null,"native":false},{"column":21,"file":"internal/process/task_queues.js","function":"processTicksAndRejections","line":81,"method":null,"native":false}]}
{"level":"info","message":"Listening on port "}
{"level":"info","message":"Connecting to mongo DB"}
{"level":"info","message":"Listening on port "}
{"level":"info","message":"Connecting to mongo DB"}
{"level":"info","message":"Listening on port "}
{"level":"info","message":"Connecting to mongo DB"}
{"level":"info","message":"Listening on port "}
{"level":"info","message":"Connecting to mongo DB"}
{"level":"info","message":"Listening on port "}
{"level":"info","message":"Connecting to mongo DB"}
{"level":"info","message":"Listening on port "}
{"level":"info","message":"Connecting to mongo DB"}
{"level":"info","message":"Listening on port "}
{"level":"info","message":"Connecting to mongo DB"}
{"level":"info","message":"Listening on port "}
{"level":"info","message":"Connecting to mongo DB"}
{"level":"info","message":"Listening on port "}
{"level":"info","message":"Connecting to mongo DB"}
{"level":"info","message":"Listening on port "}
{"level":"info","message":"Connecting to mongo DB"}
{"level":"info","message":"Listening on port "}
{"level":"info","message":"Connecting to mongo DB"}
{"level":"info","message":"Listening on port "}
{"level":"info","message":"Connecting to mongo DB"}
{"level":"info","message":"Listening on port "}
{"level":"info","message":"Connecting to mongo DB"}
{"level":"info","message":"Listening on port "}
{"level":"info","message":"Connecting to mongo DB"}
{"level":"info","message":"Listening on port "}
{"level":"info","message":"Connecting to mongo DB"}
{"level":"info","message":"Listening on port "}
{"level":"info","message":"Connecting to mongo DB"}
{"level":"info","message":"Listening on port "}
{"level":"info","message":"Connecting to mongo DB"}
